{
  "stats": {
    "suites": 1,
    "tests": 10,
    "passes": 7,
    "pending": 0,
    "failures": 3,
    "start": "2024-10-22T11:45:30.278Z",
    "end": "2024-10-22T11:46:38.556Z",
    "duration": 68278,
    "testsRegistered": 10,
    "passPercent": 70,
    "pendingPercent": 0,
    "other": 0,
    "hasOther": false,
    "skipped": 0,
    "hasSkipped": false
  },
  "results": [
    {
      "uuid": "183c51f1-a35d-4bbf-86a4-a88923dbf95d",
      "title": "",
      "fullFile": "cypress\\e2e\\Dashboard.cy.js",
      "file": "cypress\\e2e\\Dashboard.cy.js",
      "beforeHooks": [],
      "afterHooks": [],
      "tests": [],
      "suites": [
        {
          "uuid": "1314bf21-bf38-4244-8bd0-7015de82142d",
          "title": "Dashboard page",
          "fullFile": "",
          "file": "",
          "beforeHooks": [],
          "afterHooks": [],
          "tests": [
            {
              "title": "Should Navigate to the Dashboard page",
              "fullTitle": "Dashboard page Should Navigate to the Dashboard page",
              "timedOut": null,
              "duration": 6324,
              "state": "passed",
              "speed": "medium",
              "pass": true,
              "fail": false,
              "pending": false,
              "context": null,
              "code": "cy.get('.oxd-topbar-header-title').contains('Dashboard');",
              "err": {},
              "uuid": "a8031bba-3bad-4743-af5e-c7049ca9b304",
              "parentUUID": "1314bf21-bf38-4244-8bd0-7015de82142d",
              "isHook": false,
              "skipped": false
            },
            {
              "title": "Should display user profile",
              "fullTitle": "Dashboard page Should display user profile",
              "timedOut": null,
              "duration": 4726,
              "state": "passed",
              "speed": "fast",
              "pass": true,
              "fail": false,
              "pending": false,
              "context": null,
              "code": "cy.get('.oxd-userdropdown-tab').should('exist').within(() => {\n  cy.get('img').should('exist');\n});",
              "err": {},
              "uuid": "533e1fc3-06ba-4247-8276-6903fa7086e5",
              "parentUUID": "1314bf21-bf38-4244-8bd0-7015de82142d",
              "isHook": false,
              "skipped": false
            },
            {
              "title": "Should display a list of options when you click on the profile",
              "fullTitle": "Dashboard page Should display a list of options when you click on the profile",
              "timedOut": null,
              "duration": 5637,
              "state": "passed",
              "speed": "medium",
              "pass": true,
              "fail": false,
              "pending": false,
              "context": null,
              "code": "cy.get('.oxd-userdropdown-tab').should('exist').click();\ncy.get('.oxd-dropdown-menu').should('exist').within(() => {\n  const expectedOptions = ['About', 'Support', 'Change Password', 'Logout'];\n  cy.get('li').should('have.length', 4).each(($el, index) => {\n    cy.wrap($el).should('have.text', expectedOptions[index]);\n  });\n});",
              "err": {},
              "uuid": "d77c6f20-b004-437e-a31c-8384ca510bef",
              "parentUUID": "1314bf21-bf38-4244-8bd0-7015de82142d",
              "isHook": false,
              "skipped": false
            },
            {
              "title": "Should display Time at work card",
              "fullTitle": "Dashboard page Should display Time at work card",
              "timedOut": null,
              "duration": 6483,
              "state": "passed",
              "speed": "medium",
              "pass": true,
              "fail": false,
              "pending": false,
              "context": null,
              "code": "cy.get(':nth-child(1) > .oxd-sheet').within(() => {\n  cy.get('.employee-image').should('exist');\n  cy.get('.emp-attendance-chart').should('exist');\n  cy.get('p').contains('Punched Out').should('exist');\n  cy.get('.oxd-icon.bi-stopwatch').should('exist');\n});",
              "err": {},
              "uuid": "00063ee0-6525-4700-ba83-f76d478afade",
              "parentUUID": "1314bf21-bf38-4244-8bd0-7015de82142d",
              "isHook": false,
              "skipped": false
            },
            {
              "title": "Should display my Actions",
              "fullTitle": "Dashboard page Should display my Actions",
              "timedOut": null,
              "duration": 10044,
              "state": "failed",
              "speed": null,
              "pass": false,
              "fail": true,
              "pending": false,
              "context": null,
              "code": "cy.get(':nth-child(2) > .oxd-sheet').within(() => {\n  cy.get('i').should('exist');\n  cy.get('.orangehrm-report-icon').should('exist');\n  cy.get('p').contains('My Actions').should('exist');\n  cy.get('p').contains('Pending Self Review').should('exist');\n  cy.get('p').contains('Candidate to Interview').should('exist');\n});",
              "err": {
                "message": "AssertionError: Timed out retrying after 4000ms: Expected to find content: 'Pending Self Review' within the element: <p.oxd-text.oxd-text--p> but never did.",
                "estack": "AssertionError: Timed out retrying after 4000ms: Expected to find content: 'Pending Self Review' within the element: <p.oxd-text.oxd-text--p> but never did.\n    at Context.eval (webpack://orangehrm/./cypress/e2e/Dashboard.cy.js:43:50)",
                "diff": null
              },
              "uuid": "b4573d59-cb2e-4f3e-89eb-721c16e17e5f",
              "parentUUID": "1314bf21-bf38-4244-8bd0-7015de82142d",
              "isHook": false,
              "skipped": false
            },
            {
              "title": "Should display Quick Launch",
              "fullTitle": "Dashboard page Should display Quick Launch",
              "timedOut": null,
              "duration": 5682,
              "state": "passed",
              "speed": "medium",
              "pass": true,
              "fail": false,
              "pending": false,
              "context": null,
              "code": "cy.get(':nth-child(3) > .oxd-sheet').within(() => {\n  cy.get('.oxd-icon').should('exist');\n  cy.get('p').contains('Assign Leave').should('exist');\n  cy.get('p').contains('Leave List').should('exist');\n  cy.get('p').contains('Timesheets').should('exist');\n});",
              "err": {},
              "uuid": "ce3eb3e7-148f-4438-bdb0-92bc72f277dd",
              "parentUUID": "1314bf21-bf38-4244-8bd0-7015de82142d",
              "isHook": false,
              "skipped": false
            },
            {
              "title": "Should display Buzz Latest Posts",
              "fullTitle": "Dashboard page Should display Buzz Latest Posts",
              "timedOut": null,
              "duration": 8970,
              "state": "failed",
              "speed": null,
              "pass": false,
              "fail": true,
              "pending": false,
              "context": null,
              "code": "cy.get(':nth-child(4) > .oxd-sheet').within(() => {\n  cy.get('.orangehrm-buzz-widget-header').should('exist');\n});",
              "err": {
                "message": "AssertionError: Timed out retrying after 4000ms: Expected to find element: `.orangehrm-buzz-widget-header`, but never found it.",
                "estack": "AssertionError: Timed out retrying after 4000ms: Expected to find element: `.orangehrm-buzz-widget-header`, but never found it.\n    at Context.eval (webpack://orangehrm/./cypress/e2e/Dashboard.cy.js:59:46)",
                "diff": null
              },
              "uuid": "b172a52c-e9e5-4342-81ea-e4d1d92f3c4f",
              "parentUUID": "1314bf21-bf38-4244-8bd0-7015de82142d",
              "isHook": false,
              "skipped": false
            },
            {
              "title": "Should display Employees on Leave Today",
              "fullTitle": "Dashboard page Should display Employees on Leave Today",
              "timedOut": null,
              "duration": 4714,
              "state": "passed",
              "speed": "fast",
              "pass": true,
              "fail": false,
              "pending": false,
              "context": null,
              "code": "cy.get(':nth-child(5) > .oxd-sheet').should('exist');\n//",
              "err": {},
              "uuid": "99b7d832-486f-49cd-bd4a-e3f75f1af1b4",
              "parentUUID": "1314bf21-bf38-4244-8bd0-7015de82142d",
              "isHook": false,
              "skipped": false
            },
            {
              "title": "Should display Employee Distribution by Sub Unit",
              "fullTitle": "Dashboard page Should display Employee Distribution by Sub Unit",
              "timedOut": null,
              "duration": 5322,
              "state": "passed",
              "speed": "medium",
              "pass": true,
              "fail": false,
              "pending": false,
              "context": null,
              "code": "cy.get(':nth-child(6) > .oxd-sheet').within(() => {\n  cy.get('.oxd-pie-chart').should('exist');\n});",
              "err": {},
              "uuid": "a6601c3c-9c88-49b8-9322-fda66088c924",
              "parentUUID": "1314bf21-bf38-4244-8bd0-7015de82142d",
              "isHook": false,
              "skipped": false
            },
            {
              "title": "Should display Employee Distribution by Sub Unit",
              "fullTitle": "Dashboard page Should display Employee Distribution by Sub Unit",
              "timedOut": null,
              "duration": 7462,
              "state": "failed",
              "speed": null,
              "pass": false,
              "fail": true,
              "pending": false,
              "context": null,
              "code": "cy.get(':nth-child(7) > .oxd-sheet').within(() => {\n  cy.get('.oxd-pie-chart').should('exist');\n});",
              "err": {
                "message": "AssertionError: Timed out retrying after 4000ms: Expected to find element: `:nth-child(7) > .oxd-sheet`, but never found it.",
                "estack": "AssertionError: Timed out retrying after 4000ms: Expected to find element: `:nth-child(7) > .oxd-sheet`, but never found it.\n    at Context.eval (webpack://orangehrm/./cypress/e2e/Dashboard.cy.js:77:7)",
                "diff": null
              },
              "uuid": "4493f562-11d8-463b-9ed0-7d1bd204d03d",
              "parentUUID": "1314bf21-bf38-4244-8bd0-7015de82142d",
              "isHook": false,
              "skipped": false
            }
          ],
          "suites": [],
          "passes": [
            "a8031bba-3bad-4743-af5e-c7049ca9b304",
            "533e1fc3-06ba-4247-8276-6903fa7086e5",
            "d77c6f20-b004-437e-a31c-8384ca510bef",
            "00063ee0-6525-4700-ba83-f76d478afade",
            "ce3eb3e7-148f-4438-bdb0-92bc72f277dd",
            "99b7d832-486f-49cd-bd4a-e3f75f1af1b4",
            "a6601c3c-9c88-49b8-9322-fda66088c924"
          ],
          "failures": [
            "b4573d59-cb2e-4f3e-89eb-721c16e17e5f",
            "b172a52c-e9e5-4342-81ea-e4d1d92f3c4f",
            "4493f562-11d8-463b-9ed0-7d1bd204d03d"
          ],
          "pending": [],
          "skipped": [],
          "duration": 65364,
          "root": false,
          "rootEmpty": false,
          "_timeout": 2000
        }
      ],
      "passes": [],
      "failures": [],
      "pending": [],
      "skipped": [],
      "duration": 0,
      "root": true,
      "rootEmpty": true,
      "_timeout": 2000
    }
  ],
  "meta": {
    "mocha": {
      "version": "7.0.1"
    },
    "mochawesome": {
      "options": {
        "quiet": false,
        "reportFilename": "output",
        "saveHtml": false,
        "saveJson": true,
        "consoleReporter": "spec",
        "useInlineDiffs": false,
        "code": true
      },
      "version": "7.1.3"
    },
    "marge": {
      "options": {
        "reportDir": "cypress/results",
        "reportFilename": "output",
        "overwrite": false,
        "html": false,
        "json": true
      },
      "version": "6.2.0"
    }
  }
}