{
  "stats": {
    "suites": 1,
    "tests": 7,
    "passes": 7,
    "pending": 0,
    "failures": 0,
    "start": "2024-10-22T11:46:43.453Z",
    "end": "2024-10-22T11:47:05.229Z",
    "duration": 21776,
    "testsRegistered": 7,
    "passPercent": 100,
    "pendingPercent": 0,
    "other": 0,
    "hasOther": false,
    "skipped": 0,
    "hasSkipped": false
  },
  "results": [
    {
      "uuid": "2022276f-bf6f-4791-9861-35379070f805",
      "title": "",
      "fullFile": "cypress\\e2e\\Login.cy.js",
      "file": "cypress\\e2e\\Login.cy.js",
      "beforeHooks": [],
      "afterHooks": [],
      "tests": [],
      "suites": [
        {
          "uuid": "8fd5e1d1-2a23-4aca-8cb5-af62a7e6b3b6",
          "title": "Login page",
          "fullFile": "",
          "file": "",
          "beforeHooks": [],
          "afterHooks": [],
          "tests": [
            {
              "title": "Should Navigate to the login page",
              "fullTitle": "Login page Should Navigate to the login page",
              "timedOut": null,
              "duration": 3051,
              "state": "passed",
              "speed": "fast",
              "pass": true,
              "fail": false,
              "pending": false,
              "context": null,
              "code": "cy.url().should('include', '/login');",
              "err": {},
              "uuid": "cd953f39-08f7-4855-a92c-3a9765be4e99",
              "parentUUID": "8fd5e1d1-2a23-4aca-8cb5-af62a7e6b3b6",
              "isHook": false,
              "skipped": false
            },
            {
              "title": "Should display OrangeHRM on the login page",
              "fullTitle": "Login page Should display OrangeHRM on the login page",
              "timedOut": null,
              "duration": 1872,
              "state": "passed",
              "speed": "fast",
              "pass": true,
              "fail": false,
              "pending": false,
              "context": null,
              "code": "cy.get('.orangehrm-login-branding').should('exist');",
              "err": {},
              "uuid": "0cd13b7d-7548-406b-be0a-8195df12a9db",
              "parentUUID": "8fd5e1d1-2a23-4aca-8cb5-af62a7e6b3b6",
              "isHook": false,
              "skipped": false
            },
            {
              "title": "Should display OrangeHRM Logo on the login page",
              "fullTitle": "Login page Should display OrangeHRM Logo on the login page",
              "timedOut": null,
              "duration": 1577,
              "state": "passed",
              "speed": "fast",
              "pass": true,
              "fail": false,
              "pending": false,
              "context": null,
              "code": "cy.get('.orangehrm-login-logo').should('exist');",
              "err": {},
              "uuid": "0fbf0b66-ce23-4e35-9fbf-a053e940b999",
              "parentUUID": "8fd5e1d1-2a23-4aca-8cb5-af62a7e6b3b6",
              "isHook": false,
              "skipped": false
            },
            {
              "title": "should not login with invalid credentials",
              "fullTitle": "Login page should not login with invalid credentials",
              "timedOut": null,
              "duration": 4805,
              "state": "passed",
              "speed": "fast",
              "pass": true,
              "fail": false,
              "pending": false,
              "context": null,
              "code": "cy.get('input[name=\"username\"]').type('Adm');\ncy.get('input[name=\"password\"]').type('admin1235');\ncy.get(\"button[type='submit']\").contains('Login').click();\ncy.get('.oxd-alert--error').should('have.text', 'Invalid credentials');",
              "err": {},
              "uuid": "ad2a9d8a-c6ad-4504-b62a-89be6863d2b2",
              "parentUUID": "8fd5e1d1-2a23-4aca-8cb5-af62a7e6b3b6",
              "isHook": false,
              "skipped": false
            },
            {
              "title": "should display error message upon attempt to login with empty text fields",
              "fullTitle": "Login page should display error message upon attempt to login with empty text fields",
              "timedOut": null,
              "duration": 2325,
              "state": "passed",
              "speed": "fast",
              "pass": true,
              "fail": false,
              "pending": false,
              "context": null,
              "code": "cy.get('input[name=\"username\"]').clear();\ncy.get('input[name=\"password\"]').clear();\ncy.get(\"button[type='submit']\").contains('Login').click();\ncy.get('.oxd-input-field-error-message').eq(0).should('have.text', 'Required');\ncy.get('.oxd-input-field-error-message').eq(1).should('have.text', 'Required');",
              "err": {},
              "uuid": "9f2678e9-94f3-42f0-806f-ef0146f2329e",
              "parentUUID": "8fd5e1d1-2a23-4aca-8cb5-af62a7e6b3b6",
              "isHook": false,
              "skipped": false
            },
            {
              "title": "Should be able to Reset password",
              "fullTitle": "Login page Should be able to Reset password",
              "timedOut": null,
              "duration": 4057,
              "state": "passed",
              "speed": "fast",
              "pass": true,
              "fail": false,
              "pending": false,
              "context": null,
              "code": "cy.get('.orangehrm-login-forgot-header').contains('Forgot your password?').click();\ncy.url().should('include', '/requestPasswordResetCode');\ncy.get('h6').should('have.text', 'Reset Password');\ncy.get('input[name=\"username\"]').type('Admin');\ncy.get('.orangehrm-forgot-password-button').contains('Cancel').should('exist');\ncy.get(\"button[type='submit']\").contains('Reset Password').click();",
              "err": {},
              "uuid": "f7706310-2c77-42b4-a8a8-a11885d3982d",
              "parentUUID": "8fd5e1d1-2a23-4aca-8cb5-af62a7e6b3b6",
              "isHook": false,
              "skipped": false
            },
            {
              "title": "should be able to login successfully",
              "fullTitle": "Login page should be able to login successfully",
              "timedOut": null,
              "duration": 3261,
              "state": "passed",
              "speed": "fast",
              "pass": true,
              "fail": false,
              "pending": false,
              "context": null,
              "code": "cy.get('input[name=\"username\"]').type('Admin');\ncy.get('input[name=\"password\"]').type('admin123');\ncy.get(\"button[type='submit']\").contains('Login').click();\ncy.url().should('include', '/dashboard');",
              "err": {},
              "uuid": "91abdd15-a2a2-4808-984a-09fa89d88427",
              "parentUUID": "8fd5e1d1-2a23-4aca-8cb5-af62a7e6b3b6",
              "isHook": false,
              "skipped": false
            }
          ],
          "suites": [],
          "passes": [
            "cd953f39-08f7-4855-a92c-3a9765be4e99",
            "0cd13b7d-7548-406b-be0a-8195df12a9db",
            "0fbf0b66-ce23-4e35-9fbf-a053e940b999",
            "ad2a9d8a-c6ad-4504-b62a-89be6863d2b2",
            "9f2678e9-94f3-42f0-806f-ef0146f2329e",
            "f7706310-2c77-42b4-a8a8-a11885d3982d",
            "91abdd15-a2a2-4808-984a-09fa89d88427"
          ],
          "failures": [],
          "pending": [],
          "skipped": [],
          "duration": 20948,
          "root": false,
          "rootEmpty": false,
          "_timeout": 2000
        }
      ],
      "passes": [],
      "failures": [],
      "pending": [],
      "skipped": [],
      "duration": 0,
      "root": true,
      "rootEmpty": true,
      "_timeout": 2000
    }
  ],
  "meta": {
    "mocha": {
      "version": "7.0.1"
    },
    "mochawesome": {
      "options": {
        "quiet": false,
        "reportFilename": "output",
        "saveHtml": false,
        "saveJson": true,
        "consoleReporter": "spec",
        "useInlineDiffs": false,
        "code": true
      },
      "version": "7.1.3"
    },
    "marge": {
      "options": {
        "reportDir": "cypress/results",
        "reportFilename": "output",
        "overwrite": false,
        "html": false,
        "json": true
      },
      "version": "6.2.0"
    }
  }
}