{
  "stats": {
    "suites": 1,
    "tests": 4,
    "passes": 1,
    "pending": 0,
    "failures": 3,
    "start": "2024-10-22T11:44:45.329Z",
    "end": "2024-10-22T11:45:23.704Z",
    "duration": 38375,
    "testsRegistered": 4,
    "passPercent": 25,
    "pendingPercent": 0,
    "other": 0,
    "hasOther": false,
    "skipped": 0,
    "hasSkipped": false
  },
  "results": [
    {
      "uuid": "23078cd9-18f3-468a-865f-7adf5759c4c0",
      "title": "",
      "fullFile": "cypress\\e2e\\Admin.cy.js",
      "file": "cypress\\e2e\\Admin.cy.js",
      "beforeHooks": [],
      "afterHooks": [],
      "tests": [],
      "suites": [
        {
          "uuid": "4c06209a-23b7-44b2-9b4e-5ca4e19ab062",
          "title": "Dashboard page",
          "fullFile": "",
          "file": "",
          "beforeHooks": [],
          "afterHooks": [],
          "tests": [
            {
              "title": "Should Navigate to the Admin page",
              "fullTitle": "Dashboard page Should Navigate to the Admin page",
              "timedOut": null,
              "duration": 12406,
              "state": "passed",
              "speed": "slow",
              "pass": true,
              "fail": false,
              "pending": false,
              "context": null,
              "code": "cy.get('.oxd-main-menu-item--name').contains('Admin').click();\ncy.url().should('include', '/admin/viewSystemUsers');\ncy.get('.oxd-topbar-header-title').contains('User Management');",
              "err": {},
              "uuid": "653d8b8c-8c4c-4a94-bf26-92104120fb18",
              "parentUUID": "4c06209a-23b7-44b2-9b4e-5ca4e19ab062",
              "isHook": false,
              "skipped": false
            },
            {
              "title": "Should be able to serach a system User",
              "fullTitle": "Dashboard page Should be able to serach a system User",
              "timedOut": null,
              "duration": 11113,
              "state": "failed",
              "speed": null,
              "pass": false,
              "fail": true,
              "pending": false,
              "context": null,
              "code": "cy.get('.oxd-main-menu-item--name').contains('Admin').click();\ncy.url().should('include', '/admin/viewSystemUsers');\ncy.get('input[name=\"username\"]').type('test123');\ncy.get(\"button[type='submit']\").contains('Search').click();",
              "err": {
                "message": "AssertionError: Timed out retrying after 4000ms: Expected to find element: `input[name=\"username\"]`, but never found it.",
                "estack": "AssertionError: Timed out retrying after 4000ms: Expected to find element: `input[name=\"username\"]`, but never found it.\n    at Context.eval (webpack://orangehrm/./cypress/e2e/Admin.cy.js:16:11)",
                "diff": null
              },
              "uuid": "d2f4683e-1c91-4a66-8622-d4ebf7652790",
              "parentUUID": "4c06209a-23b7-44b2-9b4e-5ca4e19ab062",
              "isHook": false,
              "skipped": false
            },
            {
              "title": "Should be able to add a new system user",
              "fullTitle": "Dashboard page Should be able to add a new system user",
              "timedOut": null,
              "duration": 5055,
              "state": "failed",
              "speed": null,
              "pass": false,
              "fail": true,
              "pending": false,
              "context": null,
              "code": "cy.get('.oxd-button--medium ').Contains('Add').click();\ncy.get('.oxd-select-text-input').click();\ncy.get('.oxd-select-text').find('option:nth-child(2)').click();\ncy.get('.oxd-autocomplete-text-input ').type('Orange Test');\ncy.get('input[name=\"username\"]').type('Adminadmin');\ncy.get('input[name=\"password\"]').type('admin123');\ncy.get(\"button[type='submit']\").contains('Save').click();",
              "err": {
                "message": "TypeError: cy.get(...).Contains is not a function",
                "estack": "TypeError: cy.get(...).Contains is not a function\n    at Context.eval (webpack://orangehrm/./cypress/e2e/Admin.cy.js:21:37)",
                "diff": null
              },
              "uuid": "878f2282-e75c-4874-a77d-4a3802342cf9",
              "parentUUID": "4c06209a-23b7-44b2-9b4e-5ca4e19ab062",
              "isHook": false,
              "skipped": false
            },
            {
              "title": "Should Navigate to the Admin page",
              "fullTitle": "Dashboard page Should Navigate to the Admin page",
              "timedOut": null,
              "duration": 8931,
              "state": "failed",
              "speed": null,
              "pass": false,
              "fail": true,
              "pending": false,
              "context": null,
              "code": "cy.get('.oxd-table').within(() => {\n  cy.contains('th', 'Username').should('exist');\n  cy.contains('th', 'User Role').should('exist');\n  cy.contains('th', 'Employee Name').should('exist');\n  cy.contains('th', 'Status').should('exist');\n  cy.contains('th', 'Actions').should('exist');\n});",
              "err": {
                "message": "AssertionError: Timed out retrying after 4000ms: Expected to find element: `.oxd-table`, but never found it.",
                "estack": "AssertionError: Timed out retrying after 4000ms: Expected to find element: `.oxd-table`, but never found it.\n    at Context.eval (webpack://orangehrm/./cypress/e2e/Admin.cy.js:34:11)",
                "diff": null
              },
              "uuid": "e9c8796d-9824-4170-bafb-e9aa0e2cb205",
              "parentUUID": "4c06209a-23b7-44b2-9b4e-5ca4e19ab062",
              "isHook": false,
              "skipped": false
            }
          ],
          "suites": [],
          "passes": [
            "653d8b8c-8c4c-4a94-bf26-92104120fb18"
          ],
          "failures": [
            "d2f4683e-1c91-4a66-8622-d4ebf7652790",
            "878f2282-e75c-4874-a77d-4a3802342cf9",
            "e9c8796d-9824-4170-bafb-e9aa0e2cb205"
          ],
          "pending": [],
          "skipped": [],
          "duration": 37505,
          "root": false,
          "rootEmpty": false,
          "_timeout": 2000
        }
      ],
      "passes": [],
      "failures": [],
      "pending": [],
      "skipped": [],
      "duration": 0,
      "root": true,
      "rootEmpty": true,
      "_timeout": 2000
    }
  ],
  "meta": {
    "mocha": {
      "version": "7.0.1"
    },
    "mochawesome": {
      "options": {
        "quiet": false,
        "reportFilename": "output",
        "saveHtml": false,
        "saveJson": true,
        "consoleReporter": "spec",
        "useInlineDiffs": false,
        "code": true
      },
      "version": "7.1.3"
    },
    "marge": {
      "options": {
        "reportDir": "cypress/results",
        "reportFilename": "output",
        "overwrite": false,
        "html": false,
        "json": true
      },
      "version": "6.2.0"
    }
  }
}